c:\test\gocr\gocr\debug\gocr.pch
c:\test\gocr\gocr\debug\vc120.pdb
c:\test\gocr\gocr\debug\vc120.idb
c:\test\gocr\gocr\debug\stdafx.obj
c:\test\gocr\gocr\debug\barcode.obj
c:\test\gocr\gocr\debug\box.obj
c:\test\gocr\gocr\debug\database.obj
c:\test\gocr\gocr\debug\detect.obj
c:\test\gocr\gocr\debug\gocr.obj
c:\test\gocr\gocr\debug\job.obj
c:\test\gocr\gocr\debug\lines.obj
c:\test\gocr\gocr\debug\list.obj
c:\test\gocr\gocr\debug\ocr0.obj
c:\test\gocr\gocr\debug\ocr0n.obj
c:\test\gocr\gocr\debug\ocr1.obj
c:\test\gocr\gocr\debug\otsu.obj
c:\test\gocr\gocr\debug\output.obj
c:\test\gocr\gocr\debug\pcx.obj
c:\test\gocr\gocr\debug\pgm2asc.obj
c:\test\gocr\gocr\debug\pixel.obj
c:\test\gocr\gocr\debug\pnm.obj
c:\test\gocr\gocr\debug\progress.obj
c:\test\gocr\gocr\debug\remove.obj
c:\test\gocr\gocr\debug\unicode.obj
c:\test\gocr\debug\gocr.lib
c:\test\gocr\debug\gocr.exp
c:\test\gocr\debug\gocr.ilk
c:\test\gocr\debug\gocr.exe
c:\test\gocr\debug\gocr.pdb
c:\test\gocr\gocr\debug\gocr.tlog\cl.command.1.tlog
c:\test\gocr\gocr\debug\gocr.tlog\cl.read.1.tlog
c:\test\gocr\gocr\debug\gocr.tlog\cl.write.1.tlog
c:\test\gocr\gocr\debug\gocr.tlog\gocr.write.1u.tlog
c:\test\gocr\gocr\debug\gocr.tlog\link.command.1.tlog
c:\test\gocr\gocr\debug\gocr.tlog\link.read.1.tlog
c:\test\gocr\gocr\debug\gocr.tlog\link.write.1.tlog
