c:\test\gocr\gocr\release\gocr.pch
c:\test\gocr\gocr\release\vc120.pdb
c:\test\gocr\gocr\release\stdafx.obj
c:\test\gocr\gocr\release\remove.obj
c:\test\gocr\gocr\release\progress.obj
c:\test\gocr\gocr\release\pnm.obj
c:\test\gocr\gocr\release\pixel.obj
c:\test\gocr\gocr\release\pgm2asc.obj
c:\test\gocr\gocr\release\pcx.obj
c:\test\gocr\gocr\release\output.obj
c:\test\gocr\gocr\release\otsu.obj
c:\test\gocr\gocr\release\ocr1.obj
c:\test\gocr\gocr\release\ocr0n.obj
c:\test\gocr\gocr\release\ocr0.obj
c:\test\gocr\gocr\release\list.obj
c:\test\gocr\gocr\release\lines.obj
c:\test\gocr\gocr\release\job.obj
c:\test\gocr\gocr\release\gocr.obj
c:\test\gocr\gocr\release\detect.obj
c:\test\gocr\gocr\release\database.obj
c:\test\gocr\gocr\release\box.obj
c:\test\gocr\gocr\release\barcode.obj
c:\test\gocr\gocr\release\unicode.obj
c:\test\gocr\release\gocr.lib
c:\test\gocr\release\gocr.exp
c:\test\gocr\release\gocr.exe
c:\test\gocr\release\gocr.pdb
c:\test\gocr\gocr\release\gocr.tlog\cl.command.1.tlog
c:\test\gocr\gocr\release\gocr.tlog\cl.read.1.tlog
c:\test\gocr\gocr\release\gocr.tlog\cl.write.1.tlog
c:\test\gocr\gocr\release\gocr.tlog\gocr.write.1u.tlog
c:\test\gocr\gocr\release\gocr.tlog\link.command.1.tlog
c:\test\gocr\gocr\release\gocr.tlog\link.read.1.tlog
c:\test\gocr\gocr\release\gocr.tlog\link.write.1.tlog
