  stdafx.cpp
  barcode.cpp
c:\test\gocr\gocr\pgm2asc.h(40): warning C4273: 'wcsdup' : dll リンクが一貫していません。
          C:\Program Files (x86)\Microsoft Visual Studio 12.0\VC\include\wchar.h(1145) : 'wcsdup' の前の定義を確認してください
barcode.cpp(193): warning C4996: 'sprintf': This function or variable may be unsafe. Consider using sprintf_s instead. To disable deprecation, use _CRT_SECURE_NO_WARNINGS. See online help for details.
          C:\Program Files (x86)\Microsoft Visual Studio 12.0\VC\include\stdio.h(356) : 'sprintf' の宣言を確認してください。
barcode.cpp(285): warning C4996: 'sprintf': This function or variable may be unsafe. Consider using sprintf_s instead. To disable deprecation, use _CRT_SECURE_NO_WARNINGS. See online help for details.
          C:\Program Files (x86)\Microsoft Visual Studio 12.0\VC\include\stdio.h(356) : 'sprintf' の宣言を確認してください。
barcode.cpp(345): warning C4996: 'sprintf': This function or variable may be unsafe. Consider using sprintf_s instead. To disable deprecation, use _CRT_SECURE_NO_WARNINGS. See online help for details.
          C:\Program Files (x86)\Microsoft Visual Studio 12.0\VC\include\stdio.h(356) : 'sprintf' の宣言を確認してください。
barcode.cpp(469): warning C4996: 'sprintf': This function or variable may be unsafe. Consider using sprintf_s instead. To disable deprecation, use _CRT_SECURE_NO_WARNINGS. See online help for details.
          C:\Program Files (x86)\Microsoft Visual Studio 12.0\VC\include\stdio.h(356) : 'sprintf' の宣言を確認してください。
barcode.cpp(589): warning C4996: 'sprintf': This function or variable may be unsafe. Consider using sprintf_s instead. To disable deprecation, use _CRT_SECURE_NO_WARNINGS. See online help for details.
          C:\Program Files (x86)\Microsoft Visual Studio 12.0\VC\include\stdio.h(356) : 'sprintf' の宣言を確認してください。
barcode.cpp(710): warning C4996: 'sprintf': This function or variable may be unsafe. Consider using sprintf_s instead. To disable deprecation, use _CRT_SECURE_NO_WARNINGS. See online help for details.
          C:\Program Files (x86)\Microsoft Visual Studio 12.0\VC\include\stdio.h(356) : 'sprintf' の宣言を確認してください。
barcode.cpp(1058): warning C4996: 'strncpy': This function or variable may be unsafe. Consider using strncpy_s instead. To disable deprecation, use _CRT_SECURE_NO_WARNINGS. See online help for details.
          C:\Program Files (x86)\Microsoft Visual Studio 12.0\VC\include\string.h(195) : 'strncpy' の宣言を確認してください。
barcode.cpp(1244): warning C4996: 'strncpy': This function or variable may be unsafe. Consider using strncpy_s instead. To disable deprecation, use _CRT_SECURE_NO_WARNINGS. See online help for details.
          C:\Program Files (x86)\Microsoft Visual Studio 12.0\VC\include\string.h(195) : 'strncpy' の宣言を確認してください。
barcode.cpp(1311): warning C4996: 'sprintf': This function or variable may be unsafe. Consider using sprintf_s instead. To disable deprecation, use _CRT_SECURE_NO_WARNINGS. See online help for details.
          C:\Program Files (x86)\Microsoft Visual Studio 12.0\VC\include\stdio.h(356) : 'sprintf' の宣言を確認してください。
barcode.cpp(1330): warning C4996: 'strncpy': This function or variable may be unsafe. Consider using strncpy_s instead. To disable deprecation, use _CRT_SECURE_NO_WARNINGS. See online help for details.
          C:\Program Files (x86)\Microsoft Visual Studio 12.0\VC\include\string.h(195) : 'strncpy' の宣言を確認してください。
barcode.cpp(1335): warning C4996: 'strncpy': This function or variable may be unsafe. Consider using strncpy_s instead. To disable deprecation, use _CRT_SECURE_NO_WARNINGS. See online help for details.
          C:\Program Files (x86)\Microsoft Visual Studio 12.0\VC\include\string.h(195) : 'strncpy' の宣言を確認してください。
barcode.cpp(2058): warning C4996: 'sprintf': This function or variable may be unsafe. Consider using sprintf_s instead. To disable deprecation, use _CRT_SECURE_NO_WARNINGS. See online help for details.
          C:\Program Files (x86)\Microsoft Visual Studio 12.0\VC\include\stdio.h(356) : 'sprintf' の宣言を確認してください。
barcode.cpp(2068): warning C4996: 'strncpy': This function or variable may be unsafe. Consider using strncpy_s instead. To disable deprecation, use _CRT_SECURE_NO_WARNINGS. See online help for details.
          C:\Program Files (x86)\Microsoft Visual Studio 12.0\VC\include\string.h(195) : 'strncpy' の宣言を確認してください。
  box.cpp
c:\test\gocr\gocr\pgm2asc.h(40): warning C4273: 'wcsdup' : dll リンクが一貫していません。
          C:\Program Files (x86)\Microsoft Visual Studio 12.0\VC\include\wchar.h(1145) : 'wcsdup' の前の定義を確認してください
  database.cpp
c:\test\gocr\gocr\pgm2asc.h(40): warning C4273: 'wcsdup' : dll リンクが一貫していません。
          C:\Program Files (x86)\Microsoft Visual Studio 12.0\VC\include\wchar.h(1145) : 'wcsdup' の前の定義を確認してください
database.cpp(45): warning C4996: 'strncpy': This function or variable may be unsafe. Consider using strncpy_s instead. To disable deprecation, use _CRT_SECURE_NO_WARNINGS. See online help for details.
          C:\Program Files (x86)\Microsoft Visual Studio 12.0\VC\include\string.h(195) : 'strncpy' の宣言を確認してください。
database.cpp(50): warning C4996: 'strncpy': This function or variable may be unsafe. Consider using strncpy_s instead. To disable deprecation, use _CRT_SECURE_NO_WARNINGS. See online help for details.
          C:\Program Files (x86)\Microsoft Visual Studio 12.0\VC\include\string.h(195) : 'strncpy' の宣言を確認してください。
database.cpp(51): warning C4996: 'fopen': This function or variable may be unsafe. Consider using fopen_s instead. To disable deprecation, use _CRT_SECURE_NO_WARNINGS. See online help for details.
          C:\Program Files (x86)\Microsoft Visual Studio 12.0\VC\include\stdio.h(211) : 'fopen' の宣言を確認してください。
database.cpp(146): warning C4996: 'strncpy': This function or variable may be unsafe. Consider using strncpy_s instead. To disable deprecation, use _CRT_SECURE_NO_WARNINGS. See online help for details.
          C:\Program Files (x86)\Microsoft Visual Studio 12.0\VC\include\string.h(195) : 'strncpy' の宣言を確認してください。
database.cpp(159): warning C4996: 'sprintf': This function or variable may be unsafe. Consider using sprintf_s instead. To disable deprecation, use _CRT_SECURE_NO_WARNINGS. See online help for details.
          C:\Program Files (x86)\Microsoft Visual Studio 12.0\VC\include\stdio.h(356) : 'sprintf' の宣言を確認してください。
database.cpp(162): warning C4996: 'strncpy': This function or variable may be unsafe. Consider using strncpy_s instead. To disable deprecation, use _CRT_SECURE_NO_WARNINGS. See online help for details.
          C:\Program Files (x86)\Microsoft Visual Studio 12.0\VC\include\string.h(195) : 'strncpy' の宣言を確認してください。
database.cpp(163): warning C4996: 'fopen': This function or variable may be unsafe. Consider using fopen_s instead. To disable deprecation, use _CRT_SECURE_NO_WARNINGS. See online help for details.
          C:\Program Files (x86)\Microsoft Visual Studio 12.0\VC\include\stdio.h(211) : 'fopen' の宣言を確認してください。
database.cpp(168): warning C4996: 'strncpy': This function or variable may be unsafe. Consider using strncpy_s instead. To disable deprecation, use _CRT_SECURE_NO_WARNINGS. See online help for details.
          C:\Program Files (x86)\Microsoft Visual Studio 12.0\VC\include\string.h(195) : 'strncpy' の宣言を確認してください。
database.cpp(203): warning C4333: '>>' : 右シフトの回数が多すぎます。データが失われる可能性があります
  detect.cpp
c:\test\gocr\gocr\pgm2asc.h(40): warning C4273: 'wcsdup' : dll リンクが一貫していません。
          C:\Program Files (x86)\Microsoft Visual Studio 12.0\VC\include\wchar.h(1145) : 'wcsdup' の前の定義を確認してください
  gocr.cpp
c:\test\gocr\gocr\pgm2asc.h(40): warning C4273: 'wcsdup' : dll リンクが一貫していません。
          C:\Program Files (x86)\Microsoft Visual Studio 12.0\VC\include\wchar.h(1145) : 'wcsdup' の前の定義を確認してください
gocr.cpp(169): warning C4996: 'freopen': This function or variable may be unsafe. Consider using freopen_s instead. To disable deprecation, use _CRT_SECURE_NO_WARNINGS. See online help for details.
          C:\Program Files (x86)\Microsoft Visual Studio 12.0\VC\include\stdio.h(226) : 'freopen' の宣言を確認してください。
gocr.cpp(177): warning C4996: 'freopen': This function or variable may be unsafe. Consider using freopen_s instead. To disable deprecation, use _CRT_SECURE_NO_WARNINGS. See online help for details.
          C:\Program Files (x86)\Microsoft Visual Studio 12.0\VC\include\stdio.h(226) : 'freopen' の宣言を確認してください。
  job.cpp
c:\test\gocr\gocr\pgm2asc.h(40): warning C4273: 'wcsdup' : dll リンクが一貫していません。
          C:\Program Files (x86)\Microsoft Visual Studio 12.0\VC\include\wchar.h(1145) : 'wcsdup' の前の定義を確認してください
  lines.cpp
c:\test\gocr\gocr\pgm2asc.h(40): warning C4273: 'wcsdup' : dll リンクが一貫していません。
          C:\Program Files (x86)\Microsoft Visual Studio 12.0\VC\include\wchar.h(1145) : 'wcsdup' の前の定義を確認してください
lines.cpp(196): warning C4996: 'sprintf': This function or variable may be unsafe. Consider using sprintf_s instead. To disable deprecation, use _CRT_SECURE_NO_WARNINGS. See online help for details.
          C:\Program Files (x86)\Microsoft Visual Studio 12.0\VC\include\stdio.h(356) : 'sprintf' の宣言を確認してください。
lines.cpp(199): warning C4996: 'sprintf': This function or variable may be unsafe. Consider using sprintf_s instead. To disable deprecation, use _CRT_SECURE_NO_WARNINGS. See online help for details.
          C:\Program Files (x86)\Microsoft Visual Studio 12.0\VC\include\stdio.h(356) : 'sprintf' の宣言を確認してください。
lines.cpp(212): warning C4996: 'strdup': The POSIX name for this item is deprecated. Instead, use the ISO C++ conformant name: _strdup. See online help for details.
          C:\Program Files (x86)\Microsoft Visual Studio 12.0\VC\include\string.h(245) : 'strdup' の宣言を確認してください。
lines.cpp(222): warning C4996: 'sprintf': This function or variable may be unsafe. Consider using sprintf_s instead. To disable deprecation, use _CRT_SECURE_NO_WARNINGS. See online help for details.
          C:\Program Files (x86)\Microsoft Visual Studio 12.0\VC\include\stdio.h(356) : 'sprintf' の宣言を確認してください。
lines.cpp(241): warning C4996: 'strdup': The POSIX name for this item is deprecated. Instead, use the ISO C++ conformant name: _strdup. See online help for details.
          C:\Program Files (x86)\Microsoft Visual Studio 12.0\VC\include\string.h(245) : 'strdup' の宣言を確認してください。
lines.cpp(253): warning C4996: 'sprintf': This function or variable may be unsafe. Consider using sprintf_s instead. To disable deprecation, use _CRT_SECURE_NO_WARNINGS. See online help for details.
          C:\Program Files (x86)\Microsoft Visual Studio 12.0\VC\include\stdio.h(356) : 'sprintf' の宣言を確認してください。
lines.cpp(276): warning C4996: 'sprintf': This function or variable may be unsafe. Consider using sprintf_s instead. To disable deprecation, use _CRT_SECURE_NO_WARNINGS. See online help for details.
          C:\Program Files (x86)\Microsoft Visual Studio 12.0\VC\include\stdio.h(356) : 'sprintf' の宣言を確認してください。
lines.cpp(288): warning C4996: 'sprintf': This function or variable may be unsafe. Consider using sprintf_s instead. To disable deprecation, use _CRT_SECURE_NO_WARNINGS. See online help for details.
          C:\Program Files (x86)\Microsoft Visual Studio 12.0\VC\include\stdio.h(356) : 'sprintf' の宣言を確認してください。
lines.cpp(318): warning C4996: 'sprintf': This function or variable may be unsafe. Consider using sprintf_s instead. To disable deprecation, use _CRT_SECURE_NO_WARNINGS. See online help for details.
          C:\Program Files (x86)\Microsoft Visual Studio 12.0\VC\include\stdio.h(356) : 'sprintf' の宣言を確認してください。
lines.cpp(321): warning C4996: 'sprintf': This function or variable may be unsafe. Consider using sprintf_s instead. To disable deprecation, use _CRT_SECURE_NO_WARNINGS. See online help for details.
          C:\Program Files (x86)\Microsoft Visual Studio 12.0\VC\include\stdio.h(356) : 'sprintf' の宣言を確認してください。
lines.cpp(361): warning C4996: 'strdup': The POSIX name for this item is deprecated. Instead, use the ISO C++ conformant name: _strdup. See online help for details.
          C:\Program Files (x86)\Microsoft Visual Studio 12.0\VC\include\string.h(245) : 'strdup' の宣言を確認してください。
  list.cpp
  ocr0.cpp
c:\test\gocr\gocr\pgm2asc.h(40): warning C4273: 'wcsdup' : dll リンクが一貫していません。
          C:\Program Files (x86)\Microsoft Visual Studio 12.0\VC\include\wchar.h(1145) : 'wcsdup' の前の定義を確認してください
ocr0.cpp(2208): warning C4101: 'i3' : ローカル変数は 1 度も使われていません。
ocr0.cpp(2208): warning C4101: 'i4' : ローカル変数は 1 度も使われていません。
  ocr0n.cpp
c:\test\gocr\gocr\pgm2asc.h(40): warning C4273: 'wcsdup' : dll リンクが一貫していません。
          C:\Program Files (x86)\Microsoft Visual Studio 12.0\VC\include\wchar.h(1145) : 'wcsdup' の前の定義を確認してください
  ocr1.cpp
c:\test\gocr\gocr\pgm2asc.h(40): warning C4273: 'wcsdup' : dll リンクが一貫していません。
          C:\Program Files (x86)\Microsoft Visual Studio 12.0\VC\include\wchar.h(1145) : 'wcsdup' の前の定義を確認してください
  otsu.cpp
  output.cpp
  pcx.cpp
pcx.cpp(46): warning C4996: 'fopen': This function or variable may be unsafe. Consider using fopen_s instead. To disable deprecation, use _CRT_SECURE_NO_WARNINGS. See online help for details.
          C:\Program Files (x86)\Microsoft Visual Studio 12.0\VC\include\stdio.h(211) : 'fopen' の宣言を確認してください。
pcx.cpp(141): warning C4996: 'fopen': This function or variable may be unsafe. Consider using fopen_s instead. To disable deprecation, use _CRT_SECURE_NO_WARNINGS. See online help for details.
          C:\Program Files (x86)\Microsoft Visual Studio 12.0\VC\include\stdio.h(211) : 'fopen' の宣言を確認してください。
  pgm2asc.cpp
c:\test\gocr\gocr\pgm2asc.h(40): warning C4273: 'wcsdup' : dll リンクが一貫していません。
          C:\Program Files (x86)\Microsoft Visual Studio 12.0\VC\include\wchar.h(1145) : 'wcsdup' の前の定義を確認してください
pgm2asc.cpp(98): warning C4996: 'wcscpy': This function or variable may be unsafe. Consider using wcscpy_s instead. To disable deprecation, use _CRT_SECURE_NO_WARNINGS. See online help for details.
          C:\Program Files (x86)\Microsoft Visual Studio 12.0\VC\include\wchar.h(1042) : 'wcscpy' の宣言を確認してください。
pgm2asc.cpp(2442): warning C4244: '=' : 'wchar_t' から 'char' への変換です。データが失われる可能性があります。
pgm2asc.cpp(2649): warning C4996: 'strncat': This function or variable may be unsafe. Consider using strncat_s instead. To disable deprecation, use _CRT_SECURE_NO_WARNINGS. See online help for details.
          C:\Program Files (x86)\Microsoft Visual Studio 12.0\VC\include\string.h(186) : 'strncat' の宣言を確認してください。
  pixel.cpp
c:\test\gocr\gocr\pgm2asc.h(40): warning C4273: 'wcsdup' : dll リンクが一貫していません。
          C:\Program Files (x86)\Microsoft Visual Studio 12.0\VC\include\wchar.h(1145) : 'wcsdup' の前の定義を確認してください
  pnm.cpp
pnm.cpp(311): warning C4996: 'fopen': This function or variable may be unsafe. Consider using fopen_s instead. To disable deprecation, use _CRT_SECURE_NO_WARNINGS. See online help for details.
          C:\Program Files (x86)\Microsoft Visual Studio 12.0\VC\include\stdio.h(211) : 'fopen' の宣言を確認してください。
pnm.cpp(313): warning C4996: 'sprintf': This function or variable may be unsafe. Consider using sprintf_s instead. To disable deprecation, use _CRT_SECURE_NO_WARNINGS. See online help for details.
          C:\Program Files (x86)\Microsoft Visual Studio 12.0\VC\include\stdio.h(356) : 'sprintf' の宣言を確認してください。
pnm.cpp(337): warning C4996: 'fileno': The POSIX name for this item is deprecated. Instead, use the ISO C++ conformant name: _fileno. See online help for details.
          C:\Program Files (x86)\Microsoft Visual Studio 12.0\VC\include\stdio.h(718) : 'fileno' の宣言を確認してください。
pnm.cpp(444): warning C4996: 'fopen': This function or variable may be unsafe. Consider using fopen_s instead. To disable deprecation, use _CRT_SECURE_NO_WARNINGS. See online help for details.
          C:\Program Files (x86)\Microsoft Visual Studio 12.0\VC\include\stdio.h(211) : 'fopen' の宣言を確認してください。
pnm.cpp(478): warning C4996: 'fopen': This function or variable may be unsafe. Consider using fopen_s instead. To disable deprecation, use _CRT_SECURE_NO_WARNINGS. See online help for details.
          C:\Program Files (x86)\Microsoft Visual Studio 12.0\VC\include\stdio.h(211) : 'fopen' の宣言を確認してください。
pnm.cpp(497): warning C4996: 'strncpy': This function or variable may be unsafe. Consider using strncpy_s instead. To disable deprecation, use _CRT_SECURE_NO_WARNINGS. See online help for details.
          C:\Program Files (x86)\Microsoft Visual Studio 12.0\VC\include\string.h(195) : 'strncpy' の宣言を確認してください。
pnm.cpp(498): warning C4996: 'strncpy': This function or variable may be unsafe. Consider using strncpy_s instead. To disable deprecation, use _CRT_SECURE_NO_WARNINGS. See online help for details.
          C:\Program Files (x86)\Microsoft Visual Studio 12.0\VC\include\string.h(195) : 'strncpy' の宣言を確認してください。
pnm.cpp(499): warning C4996: 'fopen': This function or variable may be unsafe. Consider using fopen_s instead. To disable deprecation, use _CRT_SECURE_NO_WARNINGS. See online help for details.
          C:\Program Files (x86)\Microsoft Visual Studio 12.0\VC\include\stdio.h(211) : 'fopen' の宣言を確認してください。
pnm.cpp(542): warning C4996: 'fopen': This function or variable may be unsafe. Consider using fopen_s instead. To disable deprecation, use _CRT_SECURE_NO_WARNINGS. See online help for details.
          C:\Program Files (x86)\Microsoft Visual Studio 12.0\VC\include\stdio.h(211) : 'fopen' の宣言を確認してください。
  progress.cpp
progress.cpp(21): warning C4996: 'fopen': This function or variable may be unsafe. Consider using fopen_s instead. To disable deprecation, use _CRT_SECURE_NO_WARNINGS. See online help for details.
          C:\Program Files (x86)\Microsoft Visual Studio 12.0\VC\include\stdio.h(211) : 'fopen' の宣言を確認してください。
progress.cpp(75): warning C4996: 'fileno': The POSIX name for this item is deprecated. Instead, use the ISO C++ conformant name: _fileno. See online help for details.
          C:\Program Files (x86)\Microsoft Visual Studio 12.0\VC\include\stdio.h(718) : 'fileno' の宣言を確認してください。
  remove.cpp
c:\test\gocr\gocr\pgm2asc.h(40): warning C4273: 'wcsdup' : dll リンクが一貫していません。
          C:\Program Files (x86)\Microsoft Visual Studio 12.0\VC\include\wchar.h(1145) : 'wcsdup' の前の定義を確認してください
  Microsoft(R) C/C++ Optimizing Compiler Version 18.00.31101 for x86
  Copyright (C) Microsoft Corporation.  All rights reserved.
  
  cl /c /Zi /W3 /WX- /O2 /Oi /Ot /Oy- /GL /D WIN32 /D NDEBUG /D _CONSOLE /D _LIB /D _UNICODE /D UNICODE /Gm- /EHsc /MD /GS /Gy /fp:precise /Zc:wchar_t /Zc:forScope /Yu"stdafx.h" /Fp"Release\gocr.pch" /Fo"Release\\" /Fd"Release\vc120.pdb" /Gd /TP /analyze- /errorReport:prompt unicode.cpp
  
  unicode.cpp
unicode.cpp(495): warning C4996: 'sprintf': This function or variable may be unsafe. Consider using sprintf_s instead. To disable deprecation, use _CRT_SECURE_NO_WARNINGS. See online help for details.
          C:\Program Files (x86)\Microsoft Visual Studio 12.0\VC\include\stdio.h(356) : 'sprintf' の宣言を確認してください。
unicode.cpp(952): warning C4996: 'sprintf': This function or variable may be unsafe. Consider using sprintf_s instead. To disable deprecation, use _CRT_SECURE_NO_WARNINGS. See online help for details.
          C:\Program Files (x86)\Microsoft Visual Studio 12.0\VC\include\stdio.h(356) : 'sprintf' の宣言を確認してください。
unicode.cpp(1202): warning C4996: 'sprintf': This function or variable may be unsafe. Consider using sprintf_s instead. To disable deprecation, use _CRT_SECURE_NO_WARNINGS. See online help for details.
          C:\Program Files (x86)\Microsoft Visual Studio 12.0\VC\include\stdio.h(356) : 'sprintf' の宣言を確認してください。
unicode.cpp(1237): warning C4996: 'sprintf': This function or variable may be unsafe. Consider using sprintf_s instead. To disable deprecation, use _CRT_SECURE_NO_WARNINGS. See online help for details.
          C:\Program Files (x86)\Microsoft Visual Studio 12.0\VC\include\stdio.h(356) : 'sprintf' の宣言を確認してください。
unicode.cpp(1244): warning C4996: 'sprintf': This function or variable may be unsafe. Consider using sprintf_s instead. To disable deprecation, use _CRT_SECURE_NO_WARNINGS. See online help for details.
          C:\Program Files (x86)\Microsoft Visual Studio 12.0\VC\include\stdio.h(356) : 'sprintf' の宣言を確認してください。
unicode.cpp(1246): warning C4065: switch 文に 'default' はありますが 'case' ラベルがありません。
unicode.cpp(1262): warning C4996: 'sprintf': This function or variable may be unsafe. Consider using sprintf_s instead. To disable deprecation, use _CRT_SECURE_NO_WARNINGS. See online help for details.
          C:\Program Files (x86)\Microsoft Visual Studio 12.0\VC\include\stdio.h(356) : 'sprintf' の宣言を確認してください。
unicode.cpp(1263): warning C4996: 'sprintf': This function or variable may be unsafe. Consider using sprintf_s instead. To disable deprecation, use _CRT_SECURE_NO_WARNINGS. See online help for details.
          C:\Program Files (x86)\Microsoft Visual Studio 12.0\VC\include\stdio.h(356) : 'sprintf' の宣言を確認してください。
C:\Program Files (x86)\MSBuild\Microsoft.Cpp\v4.0\V120\Microsoft.CppBuild.targets(1193,5): warning MSB8012: TargetPath(C:\test\gocr\Release\gocr.exe) does not match the Linker's OutputFile property value (C:\test\gocr\Release\gocr052.exe). This may cause your project to build incorrectly. To correct this, please make sure that $(OutDir), $(TargetName) and $(TargetExt) property values match the value specified in %(Link.OutputFile).
C:\Program Files (x86)\MSBuild\Microsoft.Cpp\v4.0\V120\Microsoft.CppBuild.targets(1195,5): warning MSB8012: TargetName(gocr) does not match the Linker's OutputFile property value (gocr052). This may cause your project to build incorrectly. To correct this, please make sure that $(OutDir), $(TargetName) and $(TargetExt) property values match the value specified in %(Link.OutputFile).
     ライブラリ C:\test\gocr\Release\gocr.lib とオブジェクト C:\test\gocr\Release\gocr.exp を作成中
  コード生成しています。
  コード生成が終了しました。
  gocr.vcxproj -> C:\test\gocr\Release\gocr.exe
